C51 COMPILER V9.59.0.0   BSP_PWM                                                           09/03/2018 11:56:41 PAGE 1   


C51 COMPILER V9.59.0.0, COMPILATION OF MODULE BSP_PWM
OBJECT MODULE PLACED IN bsp_pwm.obj
COMPILER INVOKED BY: D:\keil4\C51\BIN\C51.EXE c\bsp_pwm.c OPTIMIZE(8,SPEED) BROWSE INCDIR(.\H) DEBUG OBJECTEXTEND PRINT(
                    -.\bsp_pwm.lst) TABS(2) OBJECT(bsp_pwm.obj)

line level    source

   1          #include "bsp_pwm.h"
   2          
   3          /*****************************************************
   4          *函数名称：void PWM_Init(void)
   5          *函数功能：PWM初始化
   6          *入口参数：void
   7          *出口参数：void
   8          *****************************************************/
   9          void PWM_Init(void)
  10          {
  11   1        PWMCON  = 0x3A;   //PWM输出到IO，PWM时钟为Fsys/4
  12   1        PWMPRD  = 255;    //PWM周期=(59+1)*(1/6us)=10us ;
  13   1        PWMCFG  = 0x07;   //PWM输出不反向,输出至P25/P26/P27
  14   1        PWMDTY2 = 254;       //PWM0的Duty = 10/60 =1/6
  15   1        PWMDTYA = 0x00;
  16   1        IE1 |= 0x02;        //开启PWM中断
  17   1        EA = 1;
  18   1      }
  19          
  20          
  21          void PWM_Open(void)
  22          {
  23   1        PWM_Init();
  24   1        PWMCON |= 0x80;     //开启PWM
  25   1      }
  26          


MODULE INFORMATION:   STATIC OVERLAYABLE
   CODE SIZE        =     28    ----
   CONSTANT SIZE    =   ----    ----
   XDATA SIZE       =   ----    ----
   PDATA SIZE       =   ----    ----
   DATA SIZE        =   ----    ----
   IDATA SIZE       =   ----    ----
   BIT SIZE         =   ----    ----
END OF MODULE INFORMATION.


C51 COMPILATION COMPLETE.  0 WARNING(S),  0 ERROR(S)
